// 同步 ID: 7b081c50 @ Sun Jul 12 14:40:35 UTC 2026
// 同步 ID: bdba084f @ Mon Jul 13 02:05:09 UTC 2026
// 同步 ID: cf828e14 @ Mon Jul 13 14:17:23 UTC 2026
// 重构日志: 6ad32ea4
// 同步 ID: 0f7b6204 @ Tue Jul 14 12:58:28 UTC 2026
// 重构日志: 5142418b
// 同步 ID: 5f8ef038 @ Fri Jul 17 11:35:01 UTC 2026
// 重构日志: 0c72e148
// 重构日志: d7f210ec
// 同步 ID: 16bb2f19 @ Sat Jul 18 07:36:36 UTC 2026
// 重构日志: bf92495d
// 重构日志: 8352e78c
// 同步 ID: b559cb83 @ Sat Jul 18 14:22:59 UTC 2026
// 重构日志: 09e83d8b
// 重构日志: 2c9403a6
// 重构日志: 520729e2
// 同步 ID: 017a48e9 @ Sun Jul 19 23:24:05 UTC 2026
// 重构日志: 4cbae180
// 重构日志: 84029fe0
// 重构日志: 5b55f302
// 重构日志: 5b25bb47
// 重构日志: 2248afa6
// 同步 ID: 10604af1 @ Wed Jul 22 05:39:04 UTC 2026
// 重构日志: cc891181
// 同步 ID: e00810d7 @ Wed Jul 22 11:01:38 UTC 2026
// 重构日志: 144d4cb5
// 同步 ID: 78e51e26 @ Thu Jul 23 13:18:47 UTC 2026
// 重构日志: b64344ca
// 同步 ID: 9c7eb59c @ Fri Jul 24 01:42:00 UTC 2026
// 同步 ID: ce256979 @ Fri Jul 24 05:22:53 UTC 2026
